<?xml version="1.0" encoding="UTF-8"?>
<!-- Generated by org.testng.reporters.JUnitXMLReporter -->
<testsuite hostname="DESKTOP-7FHF3QK" name="Default test" tests="4" failures="0" timestamp="30 Nov 2019 05:26:44 GMT" time="56.297" errors="0">
  <testcase name="verifyContactsPageLabelTest" time="0.069" classname="com.crm.qa.testcases.ContactsPageTest"/>
  <testcase name="validateCreateNewContact" time="2.477" classname="com.crm.qa.testcases.ContactsPageTest"/>
  <testcase name="validateCreateNewContact" time="2.409" classname="com.crm.qa.testcases.ContactsPageTest"/>
  <testcase name="validateCreateNewContact" time="2.453" classname="com.crm.qa.testcases.ContactsPageTest"/>
</testsuite> <!-- Default test -->
